<?xml version="1.0" encoding="UTF-8"?>
<!-- Generated by org.testng.reporters.JUnitReportReporter -->
<testsuite skipped="0" hostname="DESKTOP-96U8LI5" name="com.qa.tests.DemoTest" tests="4" failures="0" timestamp="24 Jan 2020 13:19:10 GMT" time="0.018" errors="0">
  <testcase name="multi" time="0.000" classname="com.qa.tests.DemoTest"/>
  <testcase name="add" time="0.018" classname="com.qa.tests.DemoTest"/>
  <testcase name="div" time="0.000" classname="com.qa.tests.DemoTest"/>
  <testcase name="sub" time="0.000" classname="com.qa.tests.DemoTest"/>
</testsuite> <!-- com.qa.tests.DemoTest -->
